-------------------------------------------------------------------------------
Test set: ru.practicum.diplom_2.OrderTest
-------------------------------------------------------------------------------
Tests run: 6, Failures: 1, Errors: 0, Skipped: 0, Time elapsed: 19.14 s <<< FAILURE! - in ru.practicum.diplom_2.OrderTest
createOrderWithoutAuth401ErrorMessage(ru.practicum.diplom_2.OrderTest)  Time elapsed: 2.508 s  <<< FAILURE!
java.lang.AssertionError: 
1 expectation failed.
Expected status code <401> but was <200>.

	at ru.practicum.diplom_2.OrderTest.createOrderWithoutAuth401ErrorMessage(OrderTest.java:72)

