<?xml version="1.0" encoding="UTF-8"?>
<testsuite xmlns:xsi="http://www.w3.org/2001/XMLSchema-instance" xsi:noNamespaceSchemaLocation="https://maven.apache.org/surefire/maven-surefire-plugin/xsd/surefire-test-report.xsd" name="ru.practicum.diplom_2.UserTest" time="18.735" tests="7" errors="0" skipped="0" failures="0">
  <properties>
[...]
</properties>
  <testcase name="signInWithValidDataSuccess" classname="ru.practicum.diplom_2.UserTest" time="2.302"/>
  <testcase name="editUserDataWithoutAuthReturns401ErrorMessage" classname="ru.practicum.diplom_2.UserTest" time="2.663"/>
  <testcase name="registerUniqueUserSuccess" classname="ru.practicum.diplom_2.UserTest" time="2.81"/>
  <testcase name="signInWithInvalidDataReturns401ErrorMessage" classname="ru.practicum.diplom_2.UserTest" time="2.315"/>
  <testcase name="registerNotUniqueUserReturns403ErrorMessage" classname="ru.practicum.diplom_2.UserTest" time="2.5"/>
  <testcase name="registerUserWithoutPasswordReturns403ErrorMessage" classname="ru.practicum.diplom_2.UserTest" time="2.203"/>
  <testcase name="editUserDataWithAuthSuccess" classname="ru.practicum.diplom_2.UserTest" time="3.927"/>
</testsuite>