<?xml version="1.0" encoding="UTF-8"?>
<testsuite xmlns:xsi="http://www.w3.org/2001/XMLSchema-instance" xsi:noNamespaceSchemaLocation="https://maven.apache.org/surefire/maven-surefire-plugin/xsd/surefire-test-report.xsd" name="ru.practicum.diplom_2.OrderTest" time="19.14" tests="6" errors="0" skipped="0" failures="1">
  <properties>
[...]
</properties>
  <testcase name="createOrderWithoutIngredients400ErrorMessage" classname="ru.practicum.diplom_2.OrderTest" time="5.937"/>
  <testcase name="getUserOrderWithAuthSuccess" classname="ru.practicum.diplom_2.OrderTest" time="2.64"/>
  <testcase name="getUserOrderWithoutAuth401ErrorMessage" classname="ru.practicum.diplom_2.OrderTest" time="2.233"/>
  <testcase name="createOrderWithWrongIngredientsReturns500ErrorMessage" classname="ru.practicum.diplom_2.OrderTest" time="2.393"/>
  <testcase name="createOrderWithoutAuth401ErrorMessage" classname="ru.practicum.diplom_2.OrderTest" time="2.508">
    <failure message="1 expectation failed.&#10;Expected status code &lt;401&gt; but was &lt;200&gt;.&#10;" type="java.lang.AssertionError"><![CDATA[java.lang.AssertionError: 
1 expectation failed.
Expected status code <401> but was <200>.

	at ru.practicum.diplom_2.OrderTest.createOrderWithoutAuth401ErrorMessage(OrderTest.java:72)
]]></failure>
    <system-out><![CDATA[Request method:	POST
Request URI:	https://stellarburgers.nomoreparties.site/api/orders
Proxy:			<none>
Request params:	<none>
Query params:	<none>
Form params:	<none>
Path params:	<none>
Headers:		Accept=*/*
				Content-Type=application/json
Cookies:		<none>
Multiparts:		<none>
Body:
{
    "ingredients": [
        "61c0c5a71d1f82001bdaaa7a",
        "61c0c5a71d1f82001bdaaa76",
        "61c0c5a71d1f82001bdaaa6c"
    ]
}

HTTP/1.1 200 OK
Date: Thu, 06 Oct 2022 08:32:21 GMT
Content-Type: application/json; charset=utf-8
Transfer-Encoding: chunked
Connection: keep-alive
X-Powered-By: Express
Access-Control-Allow-Origin: *
ETag: W/"7f-+fEGpZflnxs2LQvj9n/eHRxthwM"
CF-Cache-Status: DYNAMIC
Report-To: {"endpoints":[{"url":"https:\/\/a.nel.cloudflare.com\/report\/v3?s=SlhtsZD4%2F8rc9EUQcW4r8QZQ3Iq2uC0EheNih4RPvPqgmRCgKQxgBRi%2FOh2KQ6KweFPBOJeq4QVaAYvLTTjTeCcEZ5uMwz2cV3ExBA8Q52hEMwVbd1QowyhRpFyTJgFQdi3TvM9OZ%2BOllZRxws96qJOKX%2Fg%3D"}],"group":"cf-nel","max_age":604800}
NEL: {"success_fraction":0,"report_to":"cf-nel","max_age":604800}
Server: cloudflare
CF-RAY: 755d0bc51eef92d2-IST
Content-Encoding: gzip
alt-svc: h3=":443"; ma=86400, h3-29=":443"; ma=86400

{
    "success": true,
    "name": "Астероидный краторный минеральный бургер",
    "order": {
        "number": 5871
    }
}
]]></system-out>
  </testcase>
  <testcase name="createOrderWithAuthSuccess" classname="ru.practicum.diplom_2.OrderTest" time="3.209"/>
</testsuite>